INFO: Start training...
INFO: Train Epoch: 1600 [0/60000 (0%)]	Loss: 72.073262
INFO: Train Epoch: 1600 [30000/60000 (50%)]	Loss: 70.658203
INFO: ====> Epoch: 1600 Average training loss: 71.2565
INFO: ====> Epoch: 1600 Average testing loss: 74.8326
INFO: Train Epoch: 1601 [0/60000 (0%)]	Loss: 70.808984
INFO: Train Epoch: 1601 [30000/60000 (50%)]	Loss: 72.659834
INFO: ====> Epoch: 1601 Average training loss: 71.2578
INFO: ====> Epoch: 1601 Average testing loss: 74.7556
INFO: Train Epoch: 1602 [0/60000 (0%)]	Loss: 69.673711
INFO: Train Epoch: 1602 [30000/60000 (50%)]	Loss: 73.443608
INFO: ====> Epoch: 1602 Average training loss: 71.2565
INFO: ====> Epoch: 1602 Average testing loss: 74.7766
INFO: Train Epoch: 1603 [0/60000 (0%)]	Loss: 69.865342
INFO: Train Epoch: 1603 [30000/60000 (50%)]	Loss: 72.769951
INFO: ====> Epoch: 1603 Average training loss: 71.2573
INFO: ====> Epoch: 1603 Average testing loss: 74.7304
INFO: Train Epoch: 1604 [0/60000 (0%)]	Loss: 65.175986
INFO: Train Epoch: 1604 [30000/60000 (50%)]	Loss: 72.403950
INFO: ====> Epoch: 1604 Average training loss: 71.2501
INFO: ====> Epoch: 1604 Average testing loss: 74.8300
INFO: Train Epoch: 1605 [0/60000 (0%)]	Loss: 68.689438
INFO: Train Epoch: 1605 [30000/60000 (50%)]	Loss: 67.197817
INFO: ====> Epoch: 1605 Average training loss: 71.2552
INFO: ====> Epoch: 1605 Average testing loss: 74.7403
INFO: Train Epoch: 1606 [0/60000 (0%)]	Loss: 68.375391
INFO: Train Epoch: 1606 [30000/60000 (50%)]	Loss: 66.940850
INFO: ====> Epoch: 1606 Average training loss: 71.2393
INFO: ====> Epoch: 1606 Average testing loss: 74.7500
INFO: Train Epoch: 1607 [0/60000 (0%)]	Loss: 65.614629
INFO: Train Epoch: 1607 [30000/60000 (50%)]	Loss: 73.038950
INFO: ====> Epoch: 1607 Average training loss: 71.2460
INFO: ====> Epoch: 1607 Average testing loss: 74.8763
INFO: Train Epoch: 1608 [0/60000 (0%)]	Loss: 70.524404
INFO: Train Epoch: 1608 [30000/60000 (50%)]	Loss: 69.668896
INFO: ====> Epoch: 1608 Average training loss: 71.2425
INFO: ====> Epoch: 1608 Average testing loss: 74.7571
INFO: Train Epoch: 1609 [0/60000 (0%)]	Loss: 73.164189
INFO: Train Epoch: 1609 [30000/60000 (50%)]	Loss: 69.496436
INFO: ====> Epoch: 1609 Average training loss: 71.2382
INFO: ====> Epoch: 1609 Average testing loss: 74.9758
INFO: Train Epoch: 1610 [0/60000 (0%)]	Loss: 73.299438
INFO: Train Epoch: 1610 [30000/60000 (50%)]	Loss: 67.150928
INFO: ====> Epoch: 1610 Average training loss: 71.2437
INFO: ====> Epoch: 1610 Average testing loss: 74.7489
INFO: Train Epoch: 1611 [0/60000 (0%)]	Loss: 72.659365
INFO: Train Epoch: 1611 [30000/60000 (50%)]	Loss: 72.419971
INFO: ====> Epoch: 1611 Average training loss: 71.2379
INFO: ====> Epoch: 1611 Average testing loss: 74.8649
INFO: Train Epoch: 1612 [0/60000 (0%)]	Loss: 71.461934
INFO: Train Epoch: 1612 [30000/60000 (50%)]	Loss: 70.911240
INFO: ====> Epoch: 1612 Average training loss: 71.2310
INFO: ====> Epoch: 1612 Average testing loss: 74.7344
INFO: Train Epoch: 1613 [0/60000 (0%)]	Loss: 73.095723
INFO: Train Epoch: 1613 [30000/60000 (50%)]	Loss: 70.033408
INFO: ====> Epoch: 1613 Average training loss: 71.2244
INFO: ====> Epoch: 1613 Average testing loss: 74.7492
INFO: Train Epoch: 1614 [0/60000 (0%)]	Loss: 73.951592
INFO: Train Epoch: 1614 [30000/60000 (50%)]	Loss: 71.712275
INFO: ====> Epoch: 1614 Average training loss: 71.2460
INFO: ====> Epoch: 1614 Average testing loss: 74.9449
INFO: Train Epoch: 1615 [0/60000 (0%)]	Loss: 70.901401
INFO: Train Epoch: 1615 [30000/60000 (50%)]	Loss: 73.482036
INFO: ====> Epoch: 1615 Average training loss: 71.2131
INFO: ====> Epoch: 1615 Average testing loss: 74.6918
INFO: Train Epoch: 1616 [0/60000 (0%)]	Loss: 72.736797
INFO: Train Epoch: 1616 [30000/60000 (50%)]	Loss: 71.886055
INFO: ====> Epoch: 1616 Average training loss: 71.2095
INFO: ====> Epoch: 1616 Average testing loss: 74.7690
INFO: Train Epoch: 1617 [0/60000 (0%)]	Loss: 69.560381
INFO: Train Epoch: 1617 [30000/60000 (50%)]	Loss: 70.885630
INFO: ====> Epoch: 1617 Average training loss: 71.2184
INFO: ====> Epoch: 1617 Average testing loss: 74.7626
INFO: Train Epoch: 1618 [0/60000 (0%)]	Loss: 69.402192
INFO: Train Epoch: 1618 [30000/60000 (50%)]	Loss: 72.111367
INFO: ====> Epoch: 1618 Average training loss: 71.2122
INFO: ====> Epoch: 1618 Average testing loss: 74.7158
INFO: Train Epoch: 1619 [0/60000 (0%)]	Loss: 70.661396
INFO: Train Epoch: 1619 [30000/60000 (50%)]	Loss: 74.074639
INFO: ====> Epoch: 1619 Average training loss: 71.2140
INFO: ====> Epoch: 1619 Average testing loss: 74.7060
INFO: Train Epoch: 1620 [0/60000 (0%)]	Loss: 71.827646
INFO: Train Epoch: 1620 [30000/60000 (50%)]	Loss: 72.854478
INFO: ====> Epoch: 1620 Average training loss: 71.2100
INFO: ====> Epoch: 1620 Average testing loss: 74.7056
INFO: Train Epoch: 1621 [0/60000 (0%)]	Loss: 71.071396
INFO: Train Epoch: 1621 [30000/60000 (50%)]	Loss: 70.739229
INFO: ====> Epoch: 1621 Average training loss: 71.2027
INFO: ====> Epoch: 1621 Average testing loss: 74.7048
INFO: Train Epoch: 1622 [0/60000 (0%)]	Loss: 72.447207
INFO: Train Epoch: 1622 [30000/60000 (50%)]	Loss: 67.902373
INFO: ====> Epoch: 1622 Average training loss: 71.2058
INFO: ====> Epoch: 1622 Average testing loss: 74.7537
INFO: Train Epoch: 1623 [0/60000 (0%)]	Loss: 74.164102
INFO: Train Epoch: 1623 [30000/60000 (50%)]	Loss: 69.518330
INFO: ====> Epoch: 1623 Average training loss: 71.1985
INFO: ====> Epoch: 1623 Average testing loss: 74.6785
INFO: Train Epoch: 1624 [0/60000 (0%)]	Loss: 72.556094
INFO: Train Epoch: 1624 [30000/60000 (50%)]	Loss: 72.260293
INFO: ====> Epoch: 1624 Average training loss: 71.2024
INFO: ====> Epoch: 1624 Average testing loss: 74.7818
INFO: Train Epoch: 1625 [0/60000 (0%)]	Loss: 68.718320
INFO: Train Epoch: 1625 [30000/60000 (50%)]	Loss: 71.914990
INFO: ====> Epoch: 1625 Average training loss: 71.1900
INFO: ====> Epoch: 1625 Average testing loss: 74.6684
INFO: Train Epoch: 1626 [0/60000 (0%)]	Loss: 73.612139
INFO: Train Epoch: 1626 [30000/60000 (50%)]	Loss: 67.554556
INFO: ====> Epoch: 1626 Average training loss: 71.1887
INFO: ====> Epoch: 1626 Average testing loss: 74.6735
INFO: Train Epoch: 1627 [0/60000 (0%)]	Loss: 70.927266
INFO: Train Epoch: 1627 [30000/60000 (50%)]	Loss: 74.858428
INFO: ====> Epoch: 1627 Average training loss: 71.1843
INFO: ====> Epoch: 1627 Average testing loss: 74.7532
INFO: Train Epoch: 1628 [0/60000 (0%)]	Loss: 71.850713
INFO: Train Epoch: 1628 [30000/60000 (50%)]	Loss: 73.073203
INFO: ====> Epoch: 1628 Average training loss: 71.1906
INFO: ====> Epoch: 1628 Average testing loss: 74.7776
INFO: Train Epoch: 1629 [0/60000 (0%)]	Loss: 69.703906
INFO: Train Epoch: 1629 [30000/60000 (50%)]	Loss: 73.387734
INFO: ====> Epoch: 1629 Average training loss: 71.1790
INFO: ====> Epoch: 1629 Average testing loss: 74.6965
INFO: Train Epoch: 1630 [0/60000 (0%)]	Loss: 72.746328
INFO: Train Epoch: 1630 [30000/60000 (50%)]	Loss: 71.160996
INFO: ====> Epoch: 1630 Average training loss: 71.1727
INFO: ====> Epoch: 1630 Average testing loss: 74.6747
INFO: Train Epoch: 1631 [0/60000 (0%)]	Loss: 71.310239
INFO: Train Epoch: 1631 [30000/60000 (50%)]	Loss: 76.549185
INFO: ====> Epoch: 1631 Average training loss: 71.1754
INFO: ====> Epoch: 1631 Average testing loss: 74.8048
INFO: Train Epoch: 1632 [0/60000 (0%)]	Loss: 73.370059
INFO: Train Epoch: 1632 [30000/60000 (50%)]	Loss: 71.763789
INFO: ====> Epoch: 1632 Average training loss: 71.1695
INFO: ====> Epoch: 1632 Average testing loss: 74.7614
INFO: Train Epoch: 1633 [0/60000 (0%)]	Loss: 73.943311
INFO: Train Epoch: 1633 [30000/60000 (50%)]	Loss: 71.904404
INFO: ====> Epoch: 1633 Average training loss: 71.1785
INFO: ====> Epoch: 1633 Average testing loss: 74.7408
INFO: Train Epoch: 1634 [0/60000 (0%)]	Loss: 69.944453
INFO: Train Epoch: 1634 [30000/60000 (50%)]	Loss: 67.651689
INFO: ====> Epoch: 1634 Average training loss: 71.1672
INFO: ====> Epoch: 1634 Average testing loss: 74.6659
INFO: Train Epoch: 1635 [0/60000 (0%)]	Loss: 71.999062
INFO: Train Epoch: 1635 [30000/60000 (50%)]	Loss: 67.923857
INFO: ====> Epoch: 1635 Average training loss: 71.1715
INFO: ====> Epoch: 1635 Average testing loss: 74.6890
INFO: Train Epoch: 1636 [0/60000 (0%)]	Loss: 69.829214
INFO: Train Epoch: 1636 [30000/60000 (50%)]	Loss: 68.169492
INFO: ====> Epoch: 1636 Average training loss: 71.1661
INFO: ====> Epoch: 1636 Average testing loss: 74.7162
INFO: Train Epoch: 1637 [0/60000 (0%)]	Loss: 69.367529
INFO: Train Epoch: 1637 [30000/60000 (50%)]	Loss: 70.488218
INFO: ====> Epoch: 1637 Average training loss: 71.1727
INFO: ====> Epoch: 1637 Average testing loss: 74.8051
INFO: Train Epoch: 1638 [0/60000 (0%)]	Loss: 73.798242
INFO: Train Epoch: 1638 [30000/60000 (50%)]	Loss: 69.339312
INFO: ====> Epoch: 1638 Average training loss: 71.1545
INFO: ====> Epoch: 1638 Average testing loss: 74.7490
INFO: Train Epoch: 1639 [0/60000 (0%)]	Loss: 67.465435
INFO: Train Epoch: 1639 [30000/60000 (50%)]	Loss: 72.661367
INFO: ====> Epoch: 1639 Average training loss: 71.1468
INFO: ====> Epoch: 1639 Average testing loss: 74.7120
INFO: Train Epoch: 1640 [0/60000 (0%)]	Loss: 74.382842
INFO: Train Epoch: 1640 [30000/60000 (50%)]	Loss: 68.276973
INFO: ====> Epoch: 1640 Average training loss: 71.1520
INFO: ====> Epoch: 1640 Average testing loss: 74.6785
INFO: Train Epoch: 1641 [0/60000 (0%)]	Loss: 72.765303
INFO: Train Epoch: 1641 [30000/60000 (50%)]	Loss: 75.174106
INFO: ====> Epoch: 1641 Average training loss: 71.1463
INFO: ====> Epoch: 1641 Average testing loss: 74.7395
INFO: Train Epoch: 1642 [0/60000 (0%)]	Loss: 73.990244
INFO: Train Epoch: 1642 [30000/60000 (50%)]	Loss: 71.040415
INFO: ====> Epoch: 1642 Average training loss: 71.1464
INFO: ====> Epoch: 1642 Average testing loss: 74.6828
INFO: Train Epoch: 1643 [0/60000 (0%)]	Loss: 70.732734
INFO: Train Epoch: 1643 [30000/60000 (50%)]	Loss: 70.806147
INFO: ====> Epoch: 1643 Average training loss: 71.1375
INFO: ====> Epoch: 1643 Average testing loss: 74.6843
INFO: Train Epoch: 1644 [0/60000 (0%)]	Loss: 72.623525
INFO: Train Epoch: 1644 [30000/60000 (50%)]	Loss: 70.981665
INFO: ====> Epoch: 1644 Average training loss: 71.1268
INFO: ====> Epoch: 1644 Average testing loss: 74.7141
INFO: Train Epoch: 1645 [0/60000 (0%)]	Loss: 67.342378
INFO: Train Epoch: 1645 [30000/60000 (50%)]	Loss: 68.183994
INFO: ====> Epoch: 1645 Average training loss: 71.1472
INFO: ====> Epoch: 1645 Average testing loss: 74.6876
INFO: Train Epoch: 1646 [0/60000 (0%)]	Loss: 68.024443
INFO: Train Epoch: 1646 [30000/60000 (50%)]	Loss: 68.430205
INFO: ====> Epoch: 1646 Average training loss: 71.1305
INFO: ====> Epoch: 1646 Average testing loss: 74.7278
INFO: Train Epoch: 1647 [0/60000 (0%)]	Loss: 74.698818
INFO: Train Epoch: 1647 [30000/60000 (50%)]	Loss: 72.780098
INFO: ====> Epoch: 1647 Average training loss: 71.1350
INFO: ====> Epoch: 1647 Average testing loss: 74.6809
INFO: Train Epoch: 1648 [0/60000 (0%)]	Loss: 74.245601
INFO: Train Epoch: 1648 [30000/60000 (50%)]	Loss: 69.234907
INFO: ====> Epoch: 1648 Average training loss: 71.1231
INFO: ====> Epoch: 1648 Average testing loss: 74.6553
INFO: Train Epoch: 1649 [0/60000 (0%)]	Loss: 69.425537
INFO: Train Epoch: 1649 [30000/60000 (50%)]	Loss: 72.458145
INFO: ====> Epoch: 1649 Average training loss: 71.1189
INFO: ====> Epoch: 1649 Average testing loss: 74.6987
INFO: Train Epoch: 1650 [0/60000 (0%)]	Loss: 68.577578
INFO: Train Epoch: 1650 [30000/60000 (50%)]	Loss: 64.967163
INFO: ====> Epoch: 1650 Average training loss: 71.1175
INFO: ====> Epoch: 1650 Average testing loss: 74.6366
INFO: Train Epoch: 1651 [0/60000 (0%)]	Loss: 69.497080
INFO: Train Epoch: 1651 [30000/60000 (50%)]	Loss: 76.336748
INFO: ====> Epoch: 1651 Average training loss: 71.1231
INFO: ====> Epoch: 1651 Average testing loss: 74.6553
INFO: Train Epoch: 1652 [0/60000 (0%)]	Loss: 67.556836
INFO: Train Epoch: 1652 [30000/60000 (50%)]	Loss: 71.219668
INFO: ====> Epoch: 1652 Average training loss: 71.1239
INFO: ====> Epoch: 1652 Average testing loss: 74.6690
INFO: Train Epoch: 1653 [0/60000 (0%)]	Loss: 66.173350
INFO: Train Epoch: 1653 [30000/60000 (50%)]	Loss: 68.427998
INFO: ====> Epoch: 1653 Average training loss: 71.1121
INFO: ====> Epoch: 1653 Average testing loss: 74.6701
INFO: Train Epoch: 1654 [0/60000 (0%)]	Loss: 69.632056
INFO: Train Epoch: 1654 [30000/60000 (50%)]	Loss: 69.537842
INFO: ====> Epoch: 1654 Average training loss: 71.1080
INFO: ====> Epoch: 1654 Average testing loss: 74.7153
INFO: Train Epoch: 1655 [0/60000 (0%)]	Loss: 74.194209
INFO: Train Epoch: 1655 [30000/60000 (50%)]	Loss: 71.560596
INFO: ====> Epoch: 1655 Average training loss: 71.1064
INFO: ====> Epoch: 1655 Average testing loss: 74.6343
INFO: Train Epoch: 1656 [0/60000 (0%)]	Loss: 72.638003
INFO: Train Epoch: 1656 [30000/60000 (50%)]	Loss: 68.385059
INFO: ====> Epoch: 1656 Average training loss: 71.1134
INFO: ====> Epoch: 1656 Average testing loss: 74.6870
INFO: Train Epoch: 1657 [0/60000 (0%)]	Loss: 69.677891
INFO: Train Epoch: 1657 [30000/60000 (50%)]	Loss: 66.187759
INFO: ====> Epoch: 1657 Average training loss: 71.0995
INFO: ====> Epoch: 1657 Average testing loss: 74.6310
INFO: Train Epoch: 1658 [0/60000 (0%)]	Loss: 71.535781
INFO: Train Epoch: 1658 [30000/60000 (50%)]	Loss: 73.674756
INFO: ====> Epoch: 1658 Average training loss: 71.1006
INFO: ====> Epoch: 1658 Average testing loss: 74.6646
INFO: Train Epoch: 1659 [0/60000 (0%)]	Loss: 71.591782
INFO: Train Epoch: 1659 [30000/60000 (50%)]	Loss: 67.722891
INFO: ====> Epoch: 1659 Average training loss: 71.1007
INFO: ====> Epoch: 1659 Average testing loss: 74.6275
INFO: Train Epoch: 1660 [0/60000 (0%)]	Loss: 71.443926
INFO: Train Epoch: 1660 [30000/60000 (50%)]	Loss: 69.013633
INFO: ====> Epoch: 1660 Average training loss: 71.1102
INFO: ====> Epoch: 1660 Average testing loss: 74.7705
INFO: Train Epoch: 1661 [0/60000 (0%)]	Loss: 69.408799
INFO: Train Epoch: 1661 [30000/60000 (50%)]	Loss: 71.004717
INFO: ====> Epoch: 1661 Average training loss: 71.0993
INFO: ====> Epoch: 1661 Average testing loss: 74.6735
INFO: Train Epoch: 1662 [0/60000 (0%)]	Loss: 70.987412
INFO: Train Epoch: 1662 [30000/60000 (50%)]	Loss: 78.716836
INFO: ====> Epoch: 1662 Average training loss: 71.0883
INFO: ====> Epoch: 1662 Average testing loss: 74.6768
INFO: Train Epoch: 1663 [0/60000 (0%)]	Loss: 69.990078
INFO: Train Epoch: 1663 [30000/60000 (50%)]	Loss: 73.149814
INFO: ====> Epoch: 1663 Average training loss: 71.0910
INFO: ====> Epoch: 1663 Average testing loss: 74.7419
INFO: Train Epoch: 1664 [0/60000 (0%)]	Loss: 70.885098
INFO: Train Epoch: 1664 [30000/60000 (50%)]	Loss: 68.959082
INFO: ====> Epoch: 1664 Average training loss: 71.0895
INFO: ====> Epoch: 1664 Average testing loss: 74.7003
INFO: Train Epoch: 1665 [0/60000 (0%)]	Loss: 65.830029
INFO: Train Epoch: 1665 [30000/60000 (50%)]	Loss: 72.321055
INFO: ====> Epoch: 1665 Average training loss: 71.0892
INFO: ====> Epoch: 1665 Average testing loss: 74.6369
INFO: Train Epoch: 1666 [0/60000 (0%)]	Loss: 71.775503
INFO: Train Epoch: 1666 [30000/60000 (50%)]	Loss: 68.480449
INFO: ====> Epoch: 1666 Average training loss: 71.0795
INFO: ====> Epoch: 1666 Average testing loss: 74.7302
INFO: Train Epoch: 1667 [0/60000 (0%)]	Loss: 68.947822
INFO: Train Epoch: 1667 [30000/60000 (50%)]	Loss: 68.457632
INFO: ====> Epoch: 1667 Average training loss: 71.0778
INFO: ====> Epoch: 1667 Average testing loss: 74.6474
INFO: Train Epoch: 1668 [0/60000 (0%)]	Loss: 73.474893
INFO: Train Epoch: 1668 [30000/60000 (50%)]	Loss: 74.042041
INFO: ====> Epoch: 1668 Average training loss: 71.0758
INFO: ====> Epoch: 1668 Average testing loss: 74.6629
INFO: Train Epoch: 1669 [0/60000 (0%)]	Loss: 75.249438
INFO: Train Epoch: 1669 [30000/60000 (50%)]	Loss: 65.285664
INFO: ====> Epoch: 1669 Average training loss: 71.0669
INFO: ====> Epoch: 1669 Average testing loss: 74.6197
INFO: Train Epoch: 1670 [0/60000 (0%)]	Loss: 71.038457
INFO: Train Epoch: 1670 [30000/60000 (50%)]	Loss: 74.571182
INFO: ====> Epoch: 1670 Average training loss: 71.0622
INFO: ====> Epoch: 1670 Average testing loss: 74.6653
INFO: settings: {'model': 'ae', 'batch_size': 100, 'lr': 0.02, 'epochs': 1670, 'hd': 500, 'ls': 20, 'seed': 123, 'optimizer': 'adagrad', 'criterion': 'bce', 'hs': False, 'train': True, 'plot': True, 'generate': True, 'n_samples': 10, 'manifold': False, 'save_checkpoint': True, 'save_rate_epoch': 100, 'save_rate_iter': 300, 'log_track_rate': 300, 'load_checkpoint': True, 'load_checkpoint_file': PosixPath('/content/drive/MyDrive/dd2434-vae/experiments/ae/ls20/checkpoints/checkpoint_epoch_1600_iter_600.pt')}
INFO: Done (t=8.14m)
